<?xml version="1.0" encoding="UTF-8"?>
<!-- Generated by org.testng.reporters.JUnitXMLReporter -->
<testsuite hostname="PICKU-PC" ignored="0" name="Test" tests="3" failures="0" timestamp="14 May 2018 07:04:46 GMT" time="12.054" errors="0">
  <testcase name="@BeforeTest setup" time="0.0" classname="com.test.automation.homepage.TC001_VerifyLoginwithInvalidCrediantials">
    <failure type="org.openqa.selenium.InvalidArgumentException" message="Missing &amp;apos;type&amp;apos; parameter
Build info: version: &amp;apos;3.4.0&amp;apos;, revision: &amp;apos;unknown&amp;apos;, time: &amp;apos;unknown&amp;apos;
System info: host: &amp;apos;PICKU-PC&amp;apos;, ip: &amp;apos;192.168.207.1&amp;apos;, os.name: &amp;apos;Windows 7&amp;apos;, os.arch: &amp;apos;x86&amp;apos;, os.version: &amp;apos;6.1&amp;apos;, java.version: &amp;apos;1.8.0_111&amp;apos;
Driver info: org.openqa.selenium.firefox.FirefoxDriver
Capabilities [{rotatable=false, raisesAccessibilityExceptions=false, appBuildId=20160726073904, version=48.0, platform=XP, proxy=Proxy(), command_id=1.0, specificationLevel=0.0, acceptSslCerts=false, browserVersion=48.0, platformVersion=6.1, XULappId={ec8030f7-c20a-464f-9b0e-13a3a9e97384}, browserName=Firefox, takesScreenshot=true, takesElementScreenshot=true, javascriptEnabled=true, platformName=Windows_NT, device=desktop}]
Session ID: d8280365-3e7d-457f-9c63-f2c9a7c1d9c0">
      <![CDATA[org.openqa.selenium.InvalidArgumentException: Missing 'type' parameter
Build info: version: '3.4.0', revision: 'unknown', time: 'unknown'
System info: host: 'PICKU-PC', ip: '192.168.207.1', os.name: 'Windows 7', os.arch: 'x86', os.version: '6.1', java.version: '1.8.0_111'
Driver info: org.openqa.selenium.firefox.FirefoxDriver
Capabilities [{rotatable=false, raisesAccessibilityExceptions=false, appBuildId=20160726073904, version=48.0, platform=XP, proxy=Proxy(), command_id=1.0, specificationLevel=0.0, acceptSslCerts=false, browserVersion=48.0, platformVersion=6.1, XULappId={ec8030f7-c20a-464f-9b0e-13a3a9e97384}, browserName=Firefox, takesScreenshot=true, takesElementScreenshot=true, javascriptEnabled=true, platformName=Windows_NT, device=desktop}]
Session ID: d8280365-3e7d-457f-9c63-f2c9a7c1d9c0
	at org.openqa.selenium.remote.http.W3CHttpResponseCodec.createException(W3CHttpResponseCodec.java:150)
	at org.openqa.selenium.remote.http.W3CHttpResponseCodec.decode(W3CHttpResponseCodec.java:115)
	at org.openqa.selenium.remote.http.W3CHttpResponseCodec.decode(W3CHttpResponseCodec.java:45)
	at org.openqa.selenium.remote.HttpCommandExecutor.execute(HttpCommandExecutor.java:164)
	at org.openqa.selenium.remote.service.DriverCommandExecutor.execute(DriverCommandExecutor.java:82)
	at org.openqa.selenium.remote.RemoteWebDriver.execute(RemoteWebDriver.java:637)
	at org.openqa.selenium.remote.RemoteWebDriver$RemoteWebDriverOptions$RemoteTimeouts.implicitlyWait(RemoteWebDriver.java:868)
	at com.test.automation.testBase.TestBase.getUrl(TestBase.java:66)
	at com.test.automation.testBase.TestBase.init(TestBase.java:52)
	at com.test.automation.homepage.TC001_VerifyLoginwithInvalidCrediantials.setup(TC001_VerifyLoginwithInvalidCrediantials.java:19)
... Removed 27 stack frames]]>
    </failure>
  </testcase> <!-- @BeforeTest setup -->
  <testcase name="@BeforeClass beforeClass" time="0.0" classname="com.test.automation.homepage.TC002_VerifyRegistration">
    <skipped/>
  </testcase> <!-- @BeforeClass beforeClass -->
  <testcase name="@BeforeMethod beforeMethod" time="0.0" classname="com.test.automation.testBase.TestBase">
    <skipped/>
  </testcase> <!-- @BeforeMethod beforeMethod -->
  <testcase name="@AfterMethod afterMethod" time="0.0" classname="com.test.automation.testBase.TestBase">
    <skipped/>
  </testcase> <!-- @AfterMethod afterMethod -->
  <testcase name="@AfterClass afterClass" time="0.0" classname="com.test.automation.homepage.TC002_VerifyRegistration">
    <skipped/>
  </testcase> <!-- @AfterClass afterClass -->
  <testcase name="@BeforeClass beforeClass" time="0.0" classname="com.test.automation.homepage.TC003_VerifyRegistration">
    <skipped/>
  </testcase> <!-- @BeforeClass beforeClass -->
  <testcase name="@BeforeMethod beforeMethod" time="0.0" classname="com.test.automation.testBase.TestBase">
    <skipped/>
  </testcase> <!-- @BeforeMethod beforeMethod -->
  <testcase name="@AfterMethod afterMethod" time="0.0" classname="com.test.automation.testBase.TestBase">
    <skipped/>
  </testcase> <!-- @AfterMethod afterMethod -->
  <testcase name="@AfterClass afterClass" time="0.0" classname="com.test.automation.homepage.TC003_VerifyRegistration">
    <skipped/>
  </testcase> <!-- @AfterClass afterClass -->
  <testcase name="@BeforeMethod beforeMethod" time="0.0" classname="com.test.automation.testBase.TestBase">
    <skipped/>
  </testcase> <!-- @BeforeMethod beforeMethod -->
  <testcase name="@AfterMethod afterMethod" time="0.0" classname="com.test.automation.testBase.TestBase">
    <skipped/>
  </testcase> <!-- @AfterMethod afterMethod -->
  <testcase name="@AfterTest endTest" time="0.0" classname="com.test.automation.homepage.TC001_VerifyLoginwithInvalidCrediantials">
    <skipped/>
  </testcase> <!-- @AfterTest endTest -->
  <testcase name="testLogin" time="0.005" classname="com.test.automation.homepage.TC002_VerifyRegistration">
    <skipped/>
  </testcase> <!-- testLogin -->
  <testcase name="testLogin" time="0.003" classname="com.test.automation.homepage.TC003_VerifyRegistration">
    <skipped/>
  </testcase> <!-- testLogin -->
  <testcase name="verifyLoginwithInvalidCrediantials" time="0.004" classname="com.test.automation.homepage.TC001_VerifyLoginwithInvalidCrediantials">
    <skipped/>
  </testcase> <!-- verifyLoginwithInvalidCrediantials -->
</testsuite> <!-- Test -->
